#-----------------------------------------------------------
# Vivado v2017.4 (64-bit)
# SW Build 2086221 on Fri Dec 15 20:55:39 MST 2017
# IP Build 2085800 on Fri Dec 15 22:25:07 MST 2017
# Start of session at: Tue Nov 19 17:04:26 2019
# Process ID: 7828
# Current directory: C:/Users/Avishek Maitra/Desktop/CPE442/sobel_wrapper
# Command line: vivado.exe -gui_launcher_event rodinguilauncherevent1248 C:\Users\Avishek Maitra\Desktop\CPE442\sobel_wrapper\sobel_wrapper.xpr
# Log file: C:/Users/Avishek Maitra/Desktop/CPE442/sobel_wrapper/vivado.log
# Journal file: C:/Users/Avishek Maitra/Desktop/CPE442/sobel_wrapper\vivado.jou
#-----------------------------------------------------------
start_gui
open_project {C:/Users/Avishek Maitra/Desktop/CPE442/sobel_wrapper/sobel_wrapper.xpr}
INFO: [Project 1-313] Project file moved from 'C:/Users/Avishek Maitra/Desktop/Fall2019/sobel_wrapper' since last save.
Scanning sources...
Finished scanning sources
INFO: [IP_Flow 19-234] Refreshing IP repositories
INFO: [IP_Flow 19-1704] No user IP repositories specified
INFO: [IP_Flow 19-2313] Loaded Vivado IP repository 'C:/Xilinx/Vivado/2017.4/data/ip'.
open_project: Time (s): cpu = 00:00:12 ; elapsed = 00:00:24 . Memory (MB): peak = 558.043 ; gain = 71.289
update_compile_order -fileset sources_1
close [ open {C:/Users/Avishek Maitra/Desktop/CPE442/sobel_wrapper/sobel_wrapper.srcs/sources_1/new/MEM_CTRL.v} w ]
add_files {{C:/Users/Avishek Maitra/Desktop/CPE442/sobel_wrapper/sobel_wrapper.srcs/sources_1/new/MEM_CTRL.v}}
update_compile_order -fileset sources_1
